<?xml version="1.0" encoding="UTF-8"?>
<testng-results skipped="0" failed="3" ignored="0" total="3" passed="0">
  <reporter-output>
  </reporter-output>
  <suite name="Default suite" duration-ms="1828" started-at="2018-07-30T18:20:39Z" finished-at="2018-07-30T18:20:41Z">
    <groups>
    </groups>
    <test name="Default test" duration-ms="1828" started-at="2018-07-30T18:20:39Z" finished-at="2018-07-30T18:20:41Z">
      <class name="com.qtpselenium.hybrid.suitea.LoginTest">
        <test-method status="PASS" signature="init()[pri:0, instance:com.qtpselenium.hybrid.suitea.LoginTest@4c70fda8]" name="init" is-config="true" duration-ms="1672" started-at="2018-07-30T23:50:39Z" finished-at="2018-07-30T23:50:41Z">
          <reporter-output>
          </reporter-output>
        </test-method> <!-- init -->
        <test-method status="FAIL" signature="logintest(java.util.Hashtable)[pri:0, instance:com.qtpselenium.hybrid.suitea.LoginTest@4c70fda8]" name="logintest" duration-ms="26" started-at="2018-07-30T23:50:41Z" data-provider="getData" finished-at="2018-07-30T23:50:41Z">
          <params>
            <param index="0">
              <value>
                <![CDATA[{Username=U1, ExpectedResult=LoginSuccess, Password=P1, Runmode=Y, Browser=Mozilla}]]>
              </value>
            </param>
          </params>
          <exception class="java.lang.NoSuchMethodException">
            <message>
              <![CDATA[com.qtpselenium.keywords.AppKeywords.validateTitle()]]>
            </message>
            <full-stacktrace>
              <![CDATA[java.lang.NoSuchMethodException: com.qtpselenium.keywords.AppKeywords.validateTitle()
	at java.lang.Class.getMethod(Unknown Source)
	at com.qtpselenium.hybrid.driver.DriverScript.executeKeywords(DriverScript.java:49)
	at com.qtpselenium.hybrid.suitea.LoginTest.logintest(LoginTest.java:19)
	at sun.reflect.NativeMethodAccessorImpl.invoke0(Native Method)
	at sun.reflect.NativeMethodAccessorImpl.invoke(Unknown Source)
	at sun.reflect.DelegatingMethodAccessorImpl.invoke(Unknown Source)
	at java.lang.reflect.Method.invoke(Unknown Source)
	at org.testng.internal.MethodInvocationHelper.invokeMethod(MethodInvocationHelper.java:104)
	at org.testng.internal.Invoker.invokeMethod(Invoker.java:645)
	at org.testng.internal.Invoker.invokeTestMethod(Invoker.java:851)
	at org.testng.internal.Invoker.invokeTestMethods(Invoker.java:1177)
	at org.testng.internal.TestMethodWorker.invokeTestMethods(TestMethodWorker.java:129)
	at org.testng.internal.TestMethodWorker.run(TestMethodWorker.java:112)
	at org.testng.TestRunner.privateRun(TestRunner.java:756)
	at org.testng.TestRunner.run(TestRunner.java:610)
	at org.testng.SuiteRunner.runTest(SuiteRunner.java:387)
	at org.testng.SuiteRunner.runSequentially(SuiteRunner.java:382)
	at org.testng.SuiteRunner.privateRun(SuiteRunner.java:340)
	at org.testng.SuiteRunner.run(SuiteRunner.java:289)
	at org.testng.SuiteRunnerWorker.runSuite(SuiteRunnerWorker.java:52)
	at org.testng.SuiteRunnerWorker.run(SuiteRunnerWorker.java:86)
	at org.testng.TestNG.runSuitesSequentially(TestNG.java:1293)
	at org.testng.TestNG.runSuitesLocally(TestNG.java:1218)
	at org.testng.TestNG.runSuites(TestNG.java:1133)
	at org.testng.TestNG.run(TestNG.java:1104)
	at org.testng.remote.AbstractRemoteTestNG.run(AbstractRemoteTestNG.java:114)
	at org.testng.remote.RemoteTestNG.initAndRun(RemoteTestNG.java:251)
	at org.testng.remote.RemoteTestNG.main(RemoteTestNG.java:77)
]]>
            </full-stacktrace>
          </exception> <!-- java.lang.NoSuchMethodException -->
          <reporter-output>
          </reporter-output>
        </test-method> <!-- logintest -->
        <test-method status="FAIL" signature="logintest(java.util.Hashtable)[pri:0, instance:com.qtpselenium.hybrid.suitea.LoginTest@4c70fda8]" name="logintest" duration-ms="10" started-at="2018-07-30T23:50:41Z" data-provider="getData" finished-at="2018-07-30T23:50:41Z">
          <params>
            <param index="0">
              <value>
                <![CDATA[{Username=itsthaku.r@gmail.com, ExpectedResult=LoginSuccess, Password=Ashish@123, Runmode=Y, Browser=Chrome}]]>
              </value>
            </param>
          </params>
          <exception class="java.lang.NoSuchMethodException">
            <message>
              <![CDATA[com.qtpselenium.keywords.AppKeywords.validateTitle()]]>
            </message>
            <full-stacktrace>
              <![CDATA[java.lang.NoSuchMethodException: com.qtpselenium.keywords.AppKeywords.validateTitle()
	at java.lang.Class.getMethod(Unknown Source)
	at com.qtpselenium.hybrid.driver.DriverScript.executeKeywords(DriverScript.java:49)
	at com.qtpselenium.hybrid.suitea.LoginTest.logintest(LoginTest.java:19)
	at sun.reflect.NativeMethodAccessorImpl.invoke0(Native Method)
	at sun.reflect.NativeMethodAccessorImpl.invoke(Unknown Source)
	at sun.reflect.DelegatingMethodAccessorImpl.invoke(Unknown Source)
	at java.lang.reflect.Method.invoke(Unknown Source)
	at org.testng.internal.MethodInvocationHelper.invokeMethod(MethodInvocationHelper.java:104)
	at org.testng.internal.Invoker.invokeMethod(Invoker.java:645)
	at org.testng.internal.Invoker.invokeTestMethod(Invoker.java:851)
	at org.testng.internal.Invoker.invokeTestMethods(Invoker.java:1177)
	at org.testng.internal.TestMethodWorker.invokeTestMethods(TestMethodWorker.java:129)
	at org.testng.internal.TestMethodWorker.run(TestMethodWorker.java:112)
	at org.testng.TestRunner.privateRun(TestRunner.java:756)
	at org.testng.TestRunner.run(TestRunner.java:610)
	at org.testng.SuiteRunner.runTest(SuiteRunner.java:387)
	at org.testng.SuiteRunner.runSequentially(SuiteRunner.java:382)
	at org.testng.SuiteRunner.privateRun(SuiteRunner.java:340)
	at org.testng.SuiteRunner.run(SuiteRunner.java:289)
	at org.testng.SuiteRunnerWorker.runSuite(SuiteRunnerWorker.java:52)
	at org.testng.SuiteRunnerWorker.run(SuiteRunnerWorker.java:86)
	at org.testng.TestNG.runSuitesSequentially(TestNG.java:1293)
	at org.testng.TestNG.runSuitesLocally(TestNG.java:1218)
	at org.testng.TestNG.runSuites(TestNG.java:1133)
	at org.testng.TestNG.run(TestNG.java:1104)
	at org.testng.remote.AbstractRemoteTestNG.run(AbstractRemoteTestNG.java:114)
	at org.testng.remote.RemoteTestNG.initAndRun(RemoteTestNG.java:251)
	at org.testng.remote.RemoteTestNG.main(RemoteTestNG.java:77)
]]>
            </full-stacktrace>
          </exception> <!-- java.lang.NoSuchMethodException -->
          <reporter-output>
          </reporter-output>
        </test-method> <!-- logintest -->
        <test-method status="FAIL" signature="logintest(java.util.Hashtable)[pri:0, instance:com.qtpselenium.hybrid.suitea.LoginTest@4c70fda8]" name="logintest" duration-ms="5" started-at="2018-07-30T23:50:41Z" data-provider="getData" finished-at="2018-07-30T23:50:41Z">
          <params>
            <param index="0">
              <value>
                <![CDATA[{Username=U3, ExpectedResult=LoginFailure, Password=P3, Runmode=N, Browser=Edge}]]>
              </value>
            </param>
          </params>
          <exception class="java.lang.NoSuchMethodException">
            <message>
              <![CDATA[com.qtpselenium.keywords.AppKeywords.validateTitle()]]>
            </message>
            <full-stacktrace>
              <![CDATA[java.lang.NoSuchMethodException: com.qtpselenium.keywords.AppKeywords.validateTitle()
	at java.lang.Class.getMethod(Unknown Source)
	at com.qtpselenium.hybrid.driver.DriverScript.executeKeywords(DriverScript.java:49)
	at com.qtpselenium.hybrid.suitea.LoginTest.logintest(LoginTest.java:19)
	at sun.reflect.NativeMethodAccessorImpl.invoke0(Native Method)
	at sun.reflect.NativeMethodAccessorImpl.invoke(Unknown Source)
	at sun.reflect.DelegatingMethodAccessorImpl.invoke(Unknown Source)
	at java.lang.reflect.Method.invoke(Unknown Source)
	at org.testng.internal.MethodInvocationHelper.invokeMethod(MethodInvocationHelper.java:104)
	at org.testng.internal.Invoker.invokeMethod(Invoker.java:645)
	at org.testng.internal.Invoker.invokeTestMethod(Invoker.java:851)
	at org.testng.internal.Invoker.invokeTestMethods(Invoker.java:1177)
	at org.testng.internal.TestMethodWorker.invokeTestMethods(TestMethodWorker.java:129)
	at org.testng.internal.TestMethodWorker.run(TestMethodWorker.java:112)
	at org.testng.TestRunner.privateRun(TestRunner.java:756)
	at org.testng.TestRunner.run(TestRunner.java:610)
	at org.testng.SuiteRunner.runTest(SuiteRunner.java:387)
	at org.testng.SuiteRunner.runSequentially(SuiteRunner.java:382)
	at org.testng.SuiteRunner.privateRun(SuiteRunner.java:340)
	at org.testng.SuiteRunner.run(SuiteRunner.java:289)
	at org.testng.SuiteRunnerWorker.runSuite(SuiteRunnerWorker.java:52)
	at org.testng.SuiteRunnerWorker.run(SuiteRunnerWorker.java:86)
	at org.testng.TestNG.runSuitesSequentially(TestNG.java:1293)
	at org.testng.TestNG.runSuitesLocally(TestNG.java:1218)
	at org.testng.TestNG.runSuites(TestNG.java:1133)
	at org.testng.TestNG.run(TestNG.java:1104)
	at org.testng.remote.AbstractRemoteTestNG.run(AbstractRemoteTestNG.java:114)
	at org.testng.remote.RemoteTestNG.initAndRun(RemoteTestNG.java:251)
	at org.testng.remote.RemoteTestNG.main(RemoteTestNG.java:77)
]]>
            </full-stacktrace>
          </exception> <!-- java.lang.NoSuchMethodException -->
          <reporter-output>
          </reporter-output>
        </test-method> <!-- logintest -->
      </class> <!-- com.qtpselenium.hybrid.suitea.LoginTest -->
    </test> <!-- Default test -->
  </suite> <!-- Default suite -->
</testng-results>
